<?xml version="1.0" encoding="UTF-8"?>
<testsuite xmlns:xsi="http://www.w3.org/2001/XMLSchema-instance" xsi:noNamespaceSchemaLocation="https://maven.apache.org/surefire/maven-surefire-plugin/xsd/surefire-test-report-3.0.xsd" version="3.0" name="WEB_API.RunCucumberTest" time="6.092" tests="3" errors="0" skipped="0" failures="0">
  <properties>
    <property name="java.specification.version" value="18"/>
    <property name="sun.cpu.isalist" value="amd64"/>
    <property name="sun.jnu.encoding" value="Cp1251"/>
    <property name="java.class.path" value="D:\Univercity\SDT\WEB_API\target\test-classes;D:\Univercity\SDT\WEB_API\target\classes;C:\Users\ilyae\.m2\repository\io\cucumber\cucumber-java\7.12.0\cucumber-java-7.12.0.jar;C:\Users\ilyae\.m2\repository\io\cucumber\cucumber-core\7.12.0\cucumber-core-7.12.0.jar;C:\Users\ilyae\.m2\repository\io\cucumber\cucumber-gherkin\7.12.0\cucumber-gherkin-7.12.0.jar;C:\Users\ilyae\.m2\repository\io\cucumber\cucumber-gherkin-messages\7.12.0\cucumber-gherkin-messages-7.12.0.jar;C:\Users\ilyae\.m2\repository\io\cucumber\gherkin\26.2.0\gherkin-26.2.0.jar;C:\Users\ilyae\.m2\repository\io\cucumber\messages\22.0.0\messages-22.0.0.jar;C:\Users\ilyae\.m2\repository\io\cucumber\tag-expressions\5.0.1\tag-expressions-5.0.1.jar;C:\Users\ilyae\.m2\repository\io\cucumber\cucumber-expressions\16.1.2\cucumber-expressions-16.1.2.jar;C:\Users\ilyae\.m2\repository\io\cucumber\datatable\7.12.0\datatable-7.12.0.jar;C:\Users\ilyae\.m2\repository\io\cucumber\cucumber-plugin\7.12.0\cucumber-plugin-7.12.0.jar;C:\Users\ilyae\.m2\repository\io\cucumber\docstring\7.12.0\docstring-7.12.0.jar;C:\Users\ilyae\.m2\repository\io\cucumber\html-formatter\20.3.0\html-formatter-20.3.0.jar;C:\Users\ilyae\.m2\repository\io\cucumber\junit-xml-formatter\0.2.0\junit-xml-formatter-0.2.0.jar;C:\Users\ilyae\.m2\repository\io\cucumber\ci-environment\9.2.0\ci-environment-9.2.0.jar;C:\Users\ilyae\.m2\repository\org\apiguardian\apiguardian-api\1.1.2\apiguardian-api-1.1.2.jar;C:\Users\ilyae\.m2\repository\com\dropbox\core\dropbox-core-sdk\5.4.4\dropbox-core-sdk-5.4.4.jar;C:\Users\ilyae\.m2\repository\com\fasterxml\jackson\core\jackson-core\2.7.9\jackson-core-2.7.9.jar;C:\Users\ilyae\.m2\repository\org\apache\httpcomponents\httpclient\4.5.14\httpclient-4.5.14.jar;C:\Users\ilyae\.m2\repository\org\apache\httpcomponents\httpcore\4.4.16\httpcore-4.4.16.jar;C:\Users\ilyae\.m2\repository\commons-logging\commons-logging\1.2\commons-logging-1.2.jar;C:\Users\ilyae\.m2\repository\commons-codec\commons-codec\1.11\commons-codec-1.11.jar;C:\Users\ilyae\.m2\repository\org\json\json\20230227\json-20230227.jar;C:\Users\ilyae\.m2\repository\io\cucumber\cucumber-junit-platform-engine\7.12.0\cucumber-junit-platform-engine-7.12.0.jar;C:\Users\ilyae\.m2\repository\org\junit\platform\junit-platform-engine\1.9.3\junit-platform-engine-1.9.3.jar;C:\Users\ilyae\.m2\repository\org\opentest4j\opentest4j\1.2.0\opentest4j-1.2.0.jar;C:\Users\ilyae\.m2\repository\org\junit\platform\junit-platform-commons\1.9.3\junit-platform-commons-1.9.3.jar;C:\Users\ilyae\.m2\repository\org\junit\platform\junit-platform-suite\1.9.3\junit-platform-suite-1.9.3.jar;C:\Users\ilyae\.m2\repository\org\junit\platform\junit-platform-suite-api\1.9.3\junit-platform-suite-api-1.9.3.jar;C:\Users\ilyae\.m2\repository\org\junit\platform\junit-platform-suite-engine\1.9.3\junit-platform-suite-engine-1.9.3.jar;C:\Users\ilyae\.m2\repository\org\junit\platform\junit-platform-suite-commons\1.9.3\junit-platform-suite-commons-1.9.3.jar;C:\Users\ilyae\.m2\repository\io\qameta\allure\allure-junit5\2.22.0\allure-junit5-2.22.0.jar;C:\Users\ilyae\.m2\repository\io\qameta\allure\allure-junit-platform\2.22.0\allure-junit-platform-2.22.0.jar;C:\Users\ilyae\.m2\repository\io\qameta\allure\allure-java-commons\2.22.0\allure-java-commons-2.22.0.jar;C:\Users\ilyae\.m2\repository\org\slf4j\slf4j-api\1.7.36\slf4j-api-1.7.36.jar;C:\Users\ilyae\.m2\repository\io\qameta\allure\allure-model\2.22.0\allure-model-2.22.0.jar;C:\Users\ilyae\.m2\repository\io\qameta\allure\allure-test-filter\2.22.0\allure-test-filter-2.22.0.jar;C:\Users\ilyae\.m2\repository\org\junit\jupiter\junit-jupiter-api\5.9.3\junit-jupiter-api-5.9.3.jar;C:\Users\ilyae\.m2\repository\org\junit\platform\junit-platform-launcher\1.9.3\junit-platform-launcher-1.9.3.jar;C:\Users\ilyae\.m2\repository\org\junit\jupiter\junit-jupiter\5.9.3\junit-jupiter-5.9.3.jar;C:\Users\ilyae\.m2\repository\org\junit\jupiter\junit-jupiter-params\5.9.3\junit-jupiter-params-5.9.3.jar;C:\Users\ilyae\.m2\repository\org\junit\jupiter\junit-jupiter-engine\5.9.3\junit-jupiter-engine-5.9.3.jar;"/>
    <property name="java.vm.vendor" value="Oracle Corporation"/>
    <property name="sun.arch.data.model" value="64"/>
    <property name="user.variant" value=""/>
    <property name="java.vendor.url" value="https://java.oracle.com/"/>
    <property name="user.timezone" value="Europe/Kiev"/>
    <property name="os.name" value="Windows 11"/>
    <property name="java.vm.specification.version" value="18"/>
    <property name="sun.java.launcher" value="SUN_STANDARD"/>
    <property name="user.country" value="US"/>
    <property name="sun.boot.library.path" value="C:\Program Files\Java\jdk-18.0.2.1\bin"/>
    <property name="sun.java.command" value="C:\Users\ilyae\AppData\Local\Temp\surefire12630902093521264295\surefirebooter-20230512062240349_3.jar C:\Users\ilyae\AppData\Local\Temp\surefire12630902093521264295 2023-05-12T06-22-40_251-jvmRun1 surefire-20230512062240349_1tmp surefire_0-20230512062240349_2tmp"/>
    <property name="jdk.debug" value="release"/>
    <property name="surefire.test.class.path" value="D:\Univercity\SDT\WEB_API\target\test-classes;D:\Univercity\SDT\WEB_API\target\classes;C:\Users\ilyae\.m2\repository\io\cucumber\cucumber-java\7.12.0\cucumber-java-7.12.0.jar;C:\Users\ilyae\.m2\repository\io\cucumber\cucumber-core\7.12.0\cucumber-core-7.12.0.jar;C:\Users\ilyae\.m2\repository\io\cucumber\cucumber-gherkin\7.12.0\cucumber-gherkin-7.12.0.jar;C:\Users\ilyae\.m2\repository\io\cucumber\cucumber-gherkin-messages\7.12.0\cucumber-gherkin-messages-7.12.0.jar;C:\Users\ilyae\.m2\repository\io\cucumber\gherkin\26.2.0\gherkin-26.2.0.jar;C:\Users\ilyae\.m2\repository\io\cucumber\messages\22.0.0\messages-22.0.0.jar;C:\Users\ilyae\.m2\repository\io\cucumber\tag-expressions\5.0.1\tag-expressions-5.0.1.jar;C:\Users\ilyae\.m2\repository\io\cucumber\cucumber-expressions\16.1.2\cucumber-expressions-16.1.2.jar;C:\Users\ilyae\.m2\repository\io\cucumber\datatable\7.12.0\datatable-7.12.0.jar;C:\Users\ilyae\.m2\repository\io\cucumber\cucumber-plugin\7.12.0\cucumber-plugin-7.12.0.jar;C:\Users\ilyae\.m2\repository\io\cucumber\docstring\7.12.0\docstring-7.12.0.jar;C:\Users\ilyae\.m2\repository\io\cucumber\html-formatter\20.3.0\html-formatter-20.3.0.jar;C:\Users\ilyae\.m2\repository\io\cucumber\junit-xml-formatter\0.2.0\junit-xml-formatter-0.2.0.jar;C:\Users\ilyae\.m2\repository\io\cucumber\ci-environment\9.2.0\ci-environment-9.2.0.jar;C:\Users\ilyae\.m2\repository\org\apiguardian\apiguardian-api\1.1.2\apiguardian-api-1.1.2.jar;C:\Users\ilyae\.m2\repository\com\dropbox\core\dropbox-core-sdk\5.4.4\dropbox-core-sdk-5.4.4.jar;C:\Users\ilyae\.m2\repository\com\fasterxml\jackson\core\jackson-core\2.7.9\jackson-core-2.7.9.jar;C:\Users\ilyae\.m2\repository\org\apache\httpcomponents\httpclient\4.5.14\httpclient-4.5.14.jar;C:\Users\ilyae\.m2\repository\org\apache\httpcomponents\httpcore\4.4.16\httpcore-4.4.16.jar;C:\Users\ilyae\.m2\repository\commons-logging\commons-logging\1.2\commons-logging-1.2.jar;C:\Users\ilyae\.m2\repository\commons-codec\commons-codec\1.11\commons-codec-1.11.jar;C:\Users\ilyae\.m2\repository\org\json\json\20230227\json-20230227.jar;C:\Users\ilyae\.m2\repository\io\cucumber\cucumber-junit-platform-engine\7.12.0\cucumber-junit-platform-engine-7.12.0.jar;C:\Users\ilyae\.m2\repository\org\junit\platform\junit-platform-engine\1.9.3\junit-platform-engine-1.9.3.jar;C:\Users\ilyae\.m2\repository\org\opentest4j\opentest4j\1.2.0\opentest4j-1.2.0.jar;C:\Users\ilyae\.m2\repository\org\junit\platform\junit-platform-commons\1.9.3\junit-platform-commons-1.9.3.jar;C:\Users\ilyae\.m2\repository\org\junit\platform\junit-platform-suite\1.9.3\junit-platform-suite-1.9.3.jar;C:\Users\ilyae\.m2\repository\org\junit\platform\junit-platform-suite-api\1.9.3\junit-platform-suite-api-1.9.3.jar;C:\Users\ilyae\.m2\repository\org\junit\platform\junit-platform-suite-engine\1.9.3\junit-platform-suite-engine-1.9.3.jar;C:\Users\ilyae\.m2\repository\org\junit\platform\junit-platform-suite-commons\1.9.3\junit-platform-suite-commons-1.9.3.jar;C:\Users\ilyae\.m2\repository\io\qameta\allure\allure-junit5\2.22.0\allure-junit5-2.22.0.jar;C:\Users\ilyae\.m2\repository\io\qameta\allure\allure-junit-platform\2.22.0\allure-junit-platform-2.22.0.jar;C:\Users\ilyae\.m2\repository\io\qameta\allure\allure-java-commons\2.22.0\allure-java-commons-2.22.0.jar;C:\Users\ilyae\.m2\repository\org\slf4j\slf4j-api\1.7.36\slf4j-api-1.7.36.jar;C:\Users\ilyae\.m2\repository\io\qameta\allure\allure-model\2.22.0\allure-model-2.22.0.jar;C:\Users\ilyae\.m2\repository\io\qameta\allure\allure-test-filter\2.22.0\allure-test-filter-2.22.0.jar;C:\Users\ilyae\.m2\repository\org\junit\jupiter\junit-jupiter-api\5.9.3\junit-jupiter-api-5.9.3.jar;C:\Users\ilyae\.m2\repository\org\junit\platform\junit-platform-launcher\1.9.3\junit-platform-launcher-1.9.3.jar;C:\Users\ilyae\.m2\repository\org\junit\jupiter\junit-jupiter\5.9.3\junit-jupiter-5.9.3.jar;C:\Users\ilyae\.m2\repository\org\junit\jupiter\junit-jupiter-params\5.9.3\junit-jupiter-params-5.9.3.jar;C:\Users\ilyae\.m2\repository\org\junit\jupiter\junit-jupiter-engine\5.9.3\junit-jupiter-engine-5.9.3.jar;"/>
    <property name="sun.cpu.endian" value="little"/>
    <property name="user.home" value="C:\Users\ilyae"/>
    <property name="user.language" value="en"/>
    <property name="java.specification.vendor" value="Oracle Corporation"/>
    <property name="java.version.date" value="2022-08-18"/>
    <property name="java.home" value="C:\Program Files\Java\jdk-18.0.2.1"/>
    <property name="file.separator" value="\"/>
    <property name="basedir" value="D:\Univercity\SDT\WEB_API"/>
    <property name="java.vm.compressedOopsMode" value="Zero based"/>
    <property name="line.separator" value="&#10;"/>
    <property name="java.vm.specification.vendor" value="Oracle Corporation"/>
    <property name="java.specification.name" value="Java Platform API Specification"/>
    <property name="surefire.real.class.path" value="C:\Users\ilyae\AppData\Local\Temp\surefire12630902093521264295\surefirebooter-20230512062240349_3.jar"/>
    <property name="user.script" value=""/>
    <property name="sun.management.compiler" value="HotSpot 64-Bit Tiered Compilers"/>
    <property name="java.runtime.version" value="18.0.2.1+1-1"/>
    <property name="user.name" value="ilyae"/>
    <property name="path.separator" value=";"/>
    <property name="os.version" value="10.0"/>
    <property name="java.runtime.name" value="Java(TM) SE Runtime Environment"/>
    <property name="file.encoding" value="UTF-8"/>
    <property name="java.vm.name" value="Java HotSpot(TM) 64-Bit Server VM"/>
    <property name="localRepository" value="C:\Users\ilyae\.m2\repository"/>
    <property name="java.vendor.url.bug" value="https://bugreport.java.com/bugreport/"/>
    <property name="java.io.tmpdir" value="C:\Users\ilyae\AppData\Local\Temp\"/>
    <property name="java.version" value="18.0.2.1"/>
    <property name="user.dir" value="D:\Univercity\SDT\WEB_API"/>
    <property name="os.arch" value="amd64"/>
    <property name="java.vm.specification.name" value="Java Virtual Machine Specification"/>
    <property name="sun.os.patch.level" value=""/>
    <property name="native.encoding" value="Cp1251"/>
    <property name="java.library.path" value="C:\Program Files\Java\jdk-18.0.2.1\bin;C:\WINDOWS\Sun\Java\bin;C:\WINDOWS\system32;C:\WINDOWS;C:\Users\ilyae\anaconda3;C:\Users\ilyae\anaconda3\Library\mingw-w64\bin;C:\Users\ilyae\anaconda3\Library\usr\bin;C:\Users\ilyae\anaconda3\Library\bin;C:\Users\ilyae\anaconda3\Scripts;C:\Users\ilyae\anaconda3\bin;C:\Users\ilyae\anaconda3\condabin;C:\Program Files (x86)\Razer Chroma SDK\bin;C:\Program Files\Razer Chroma SDK\bin;C:\Program Files\NVIDIA GPU Computing Toolkit\CUDA\v11.7\bin;C:\Program Files\NVIDIA GPU Computing Toolkit\CUDA\v11.7\libnvvp;C:\ProgramData\Oracle\Java\javapath;C:\Program Files\Common Files\Oracle\Java\javapath;C:\Program Files (x86)\Common Files\Oracle\Java\javapath;C:\Program Files (x86)\Razer\ChromaBroadcast\bin;C:\Program Files\Razer\ChromaBroadcast\bin;C:\Windows\system32;C:\Windows;C:\Windows\System32\Wbem;C:\Windows\System32\WindowsPowerShell\v1.0;C:\Windows\System32\OpenSSH;C:\Users\ilyae\AppData\Local\Microsoft\WindowsApps;C:\Users\ilyae\AppData\Local\Programs\Microsoft VS Code\bin;C:\Program Files (x86)\NVIDIA Corporation\PhysX\Common;C:\WINDOWS\system32;C:\WINDOWS;C:\WINDOWS\System32\Wbem;C:\WINDOWS\System32\WindowsPowerShell\v1.0;C:\WINDOWS\System32\OpenSSH;C:\Program Files\Git\cmd;C:\Program Files\dotnet;C:\Program Files\NVIDIA Corporation\Nsight Compute 2022.2.1;C:\Program Files\NVIDIA Corporation\NVIDIA NvDLISR;C:\WINDOWS\system32;C:\WINDOWS;C:\WINDOWS\System32\Wbem;C:\WINDOWS\System32\WindowsPowerShell\v1.0;C:\WINDOWS\System32\OpenSSH;C:\WINDOWS\system32\config\systemprofile\AppData\Local\Microsoft\WindowsApps;C:\Program Files\GitHub CLI;C:\Strawberry\c\bin;C:\Strawberry\perl\site\bin;C:\Strawberry\perl\bin;C:\Users\ilyae\scoop\shims;C:\Program Files (x86)\Razer Chroma SDK\bin;C:\Program Files\Razer Chroma SDK\bin;C:\Program Files\NVIDIA GPU Computing Toolkit\CUDA\v11.7\bin;C:\Program Files\NVIDIA GPU Computing Toolkit\CUDA\v11.7\libnvvp;C:\ProgramData\Oracle\Java\javapath;C:\Program Files\Common Files\Oracle\Java\javapath;C:\Program Files (x86)\Common Files\Oracle\Java\javapath;C:\Program Files (x86)\Razer\ChromaBroadcast\bin;C:\Program Files\Razer\ChromaBroadcast\bin;C:\Windows\system32;C:\Windows;C:\Windows\System32\Wbem;C:\Windows\System32\WindowsPowerShell\v1.0;C:\Windows\System32\OpenSSH;C:\Users\ilyae\AppData\Local\Microsoft\WindowsApps;C:\Users\ilyae\AppData\Local\Programs\Microsoft VS Code\bin;C:\Program Files (x86)\NVIDIA Corporation\PhysX\Common;C:\WINDOWS\system32;C:\WINDOWS;C:\WINDOWS\System32\Wbem;C:\WINDOWS\System32\WindowsPowerShell\v1.0;C:\WINDOWS\System32\OpenSSH;C:\Program Files\Git\cmd;C:\Program Files\dotnet;C:\Program Files\NVIDIA Corporation\Nsight Compute 2022.2.1;C:\Program Files\NVIDIA Corporation\NVIDIA NvDLISR;C:\WINDOWS\system32;C:\WINDOWS;C:\WINDOWS\System32\Wbem;C:\WINDOWS\System32\WindowsPowerShell\v1.0;C:\WINDOWS\System32\OpenSSH;C:\WINDOWS\system32\config\systemprofile\AppData\Local\Microsoft\WindowsApps;C:\Program Files\GitHub CLI;C:\Strawberry\c\bin;C:\Strawberry\perl\site\bin;C:\Strawberry\perl\bin;C:\Program Files\apache-maven-3.9.1\bin;C:\Users\ilyae\AppData\Local\Programs\MiKTeX\miktex\bin\x64;C:\Users\ilyae\AppData\Local\Programs\Microsoft VS Code\bin;."/>
    <property name="java.vm.info" value="mixed mode, sharing"/>
    <property name="java.vendor" value="Oracle Corporation"/>
    <property name="java.vm.version" value="18.0.2.1+1-1"/>
    <property name="sun.io.unicode.encoding" value="UnicodeLittle"/>
    <property name="java.class.version" value="62.0"/>
  </properties>
  <testcase name="delete file from dropbox" classname="Delete file" time="2.889">
    <system-out><![CDATA[
@delete
Scenario: delete file from dropbox   &amp#27;[90m# WEB_API/DeleteFile.feature:3&amp#27;[0m
HttpResponseProxy{HTTP/1.1 200 OK [Cache-Control: no-cache, X-Content-Type-Options: nosniff, X-Server-Response-Time: 376, Content-Type: application/json, Accept-Encoding: identity,gzip, Date: Fri, 12 May 2023 03:22:42 GMT, Server: envoy, Strict-Transport-Security: max-age=31536000; includeSubDomains; preload, X-Robots-Tag: noindex, nofollow, noimageindex, Vary: Accept-Encoding, X-Dropbox-Response-Origin: far_remote, X-Dropbox-Request-Id: d223962a8f5546b388c4c83e934601c1, Transfer-Encoding: chunked] org.apache.http.client.entity.DecompressingEntity@6b04acb2}
HttpResponseProxy{HTTP/1.1 200 OK [Cache-Control: no-cache, X-Content-Type-Options: nosniff, X-Frame-Options: SAMEORIGIN, X-Server-Response-Time: 74, Content-Type: application/json, Accept-Encoding: identity,gzip, Date: Fri, 12 May 2023 03:22:42 GMT, Server: envoy, Vary: Accept-Encoding, X-Dropbox-Response-Origin: far_remote, X-Dropbox-Request-Id: 2d7166ce14d34836839e374db46a77c9, Transfer-Encoding: chunked] org.apache.http.client.entity.DecompressingEntity@d400943}
  &amp#27;[32mGiven &amp#27;[0m&amp#27;[32mI check if &amp#27;[0m&amp#27;[32m&amp#27;[1m"test.txt"&amp#27;[0m&amp#27;[32m exists&amp#27;[0m &amp#27;[90m# WEB_API.DeleteFileStepDefinitions.ifFileExists(java.lang.String)&amp#27;[0m
HttpResponseProxy{HTTP/1.1 200 OK [Cache-Control: no-cache, X-Content-Type-Options: nosniff, X-Frame-Options: SAMEORIGIN, X-Server-Response-Time: 1045, Content-Type: application/json, Accept-Encoding: identity,gzip, Date: Fri, 12 May 2023 03:22:44 GMT, Server: envoy, Vary: Accept-Encoding, X-Dropbox-Response-Origin: far_remote, X-Dropbox-Request-Id: 0dbfcc800a9a42f5b1b3ae2144832424, Transfer-Encoding: chunked] org.apache.http.client.entity.DecompressingEntity@312afbc7}
  &amp#27;[32mWhen &amp#27;[0m&amp#27;[32mI delete file&amp#27;[0m                 &amp#27;[90m# WEB_API.DeleteFileStepDefinitions.deleteFile()&amp#27;[0m
HttpResponseProxy{HTTP/1.1 200 OK [Cache-Control: no-cache, X-Content-Type-Options: nosniff, X-Frame-Options: SAMEORIGIN, X-Server-Response-Time: 65, Content-Type: application/json, Accept-Encoding: identity,gzip, Date: Fri, 12 May 2023 03:22:44 GMT, Server: envoy, Vary: Accept-Encoding, X-Dropbox-Response-Origin: far_remote, X-Dropbox-Request-Id: 2d6d2fc96be3444085a1d874d3106121, Transfer-Encoding: chunked] org.apache.http.client.entity.DecompressingEntity@61d01788}
  &amp#27;[32mThen &amp#27;[0m&amp#27;[32mI check if file is deleted&amp#27;[0m    &amp#27;[90m# WEB_API.DeleteFileStepDefinitions.isFileDeleted()&amp#27;[0m
]]></system-out>
    <system-err><![CDATA[SLF4J: Failed to load class "org.slf4j.impl.StaticLoggerBinder".
SLF4J: Defaulting to no-operation (NOP) logger implementation
SLF4J: See http://www.slf4j.org/codes.html#StaticLoggerBinder for further details.
]]></system-err>
  </testcase>
  <testcase name="get metadata from file in dropbox" classname="get metadata from file" time="1.523">
    <system-out><![CDATA[
@metadata
Scenario: get metadata from file in dropbox &amp#27;[90m# WEB_API/GetMetaData.feature:3&amp#27;[0m
HttpResponseProxy{HTTP/1.1 200 OK [Cache-Control: no-cache, X-Content-Type-Options: nosniff, X-Server-Response-Time: 622, Content-Type: application/json, Accept-Encoding: identity,gzip, Date: Fri, 12 May 2023 03:22:45 GMT, Server: envoy, Strict-Transport-Security: max-age=31536000; includeSubDomains; preload, X-Robots-Tag: noindex, nofollow, noimageindex, Vary: Accept-Encoding, X-Dropbox-Response-Origin: far_remote, X-Dropbox-Request-Id: 25a38be8ffce4bdfb9531b323e1d399e, Transfer-Encoding: chunked] org.apache.http.client.entity.DecompressingEntity@6124287a}
HttpResponseProxy{HTTP/1.1 200 OK [Cache-Control: no-cache, X-Content-Type-Options: nosniff, X-Frame-Options: SAMEORIGIN, X-Server-Response-Time: 85, Content-Type: application/json, Accept-Encoding: identity,gzip, Date: Fri, 12 May 2023 03:22:46 GMT, Server: envoy, Vary: Accept-Encoding, X-Dropbox-Response-Origin: far_remote, X-Dropbox-Request-Id: 145c6f2beedf432c9c4a1ccb5e3c6cb5, Transfer-Encoding: chunked] org.apache.http.client.entity.DecompressingEntity@e4d2696}
  &amp#27;[32mGiven &amp#27;[0m&amp#27;[32mfile &amp#27;[0m&amp#27;[32m&amp#27;[1m"test.txt"&amp#27;[0m&amp#27;[32m exists in dropbox&amp#27;[0m   &amp#27;[90m# WEB_API.GetMetadataStepDefinitions.ifFileExists(java.lang.String)&amp#27;[0m
HttpResponseProxy{HTTP/1.1 200 OK [Cache-Control: no-cache, X-Content-Type-Options: nosniff, X-Frame-Options: SAMEORIGIN, X-Server-Response-Time: 59, Content-Type: application/json, Accept-Encoding: identity,gzip, Date: Fri, 12 May 2023 03:22:46 GMT, Server: envoy, Vary: Accept-Encoding, X-Dropbox-Response-Origin: far_remote, X-Dropbox-Request-Id: 763c9d3b04b34c7a84d2edf29964ebe5, Transfer-Encoding: chunked] org.apache.http.client.entity.DecompressingEntity@6fd1660}
  &amp#27;[32mWhen &amp#27;[0m&amp#27;[32mI get file's meta data&amp#27;[0m               &amp#27;[90m# WEB_API.GetMetadataStepDefinitions.getMetaData()&amp#27;[0m
  &amp#27;[32mThen &amp#27;[0m&amp#27;[32mI check if I recieved file's data&amp#27;[0m    &amp#27;[90m# WEB_API.GetMetadataStepDefinitions.isMetaDataRight()&amp#27;[0m
]]></system-out>
  </testcase>
  <testcase name="upload file to dropbox" classname="upload file" time="1.578">
    <system-out><![CDATA[
@upload
Scenario: upload file to dropbox              &amp#27;[90m# WEB_API/UploadFile.feature:3&amp#27;[0m
HttpResponseProxy{HTTP/1.1 200 OK [Cache-Control: no-cache, X-Content-Type-Options: nosniff, X-Server-Response-Time: 332, Content-Type: application/json, Accept-Encoding: identity,gzip, Date: Fri, 12 May 2023 03:22:46 GMT, Server: envoy, Strict-Transport-Security: max-age=31536000; includeSubDomains; preload, X-Robots-Tag: noindex, nofollow, noimageindex, Vary: Accept-Encoding, X-Dropbox-Response-Origin: far_remote, X-Dropbox-Request-Id: e4a9e1859cc54328b9421631994769ad, Transfer-Encoding: chunked] org.apache.http.client.entity.DecompressingEntity@64bfd6fd}
  &amp#27;[32mGiven &amp#27;[0m&amp#27;[32mfile &amp#27;[0m&amp#27;[32m&amp#27;[1m"test.txt"&amp#27;[0m&amp#27;[32m exists&amp#27;[0m                &amp#27;[90m# WEB_API.UploadFileStepDefinitions.fileExists(java.lang.String)&amp#27;[0m
HttpResponseProxy{HTTP/1.1 200 OK [Cache-Control: no-cache, X-Content-Type-Options: nosniff, X-Server-Response-Time: 338, Content-Type: application/json, Accept-Encoding: identity,gzip, Date: Fri, 12 May 2023 03:22:47 GMT, Server: envoy, Strict-Transport-Security: max-age=31536000; includeSubDomains; preload, X-Robots-Tag: noindex, nofollow, noimageindex, Vary: Accept-Encoding, X-Dropbox-Response-Origin: far_remote, X-Dropbox-Request-Id: 9b6a58c7628f402cb9c871f488fdd54d, Transfer-Encoding: chunked] org.apache.http.client.entity.DecompressingEntity@7d37f1c}
  &amp#27;[32mWhen &amp#27;[0m&amp#27;[32mi upload file&amp#27;[0m                          &amp#27;[90m# WEB_API.UploadFileStepDefinitions.uploadFile()&amp#27;[0m
HttpResponseProxy{HTTP/1.1 200 OK [Cache-Control: no-cache, X-Content-Type-Options: nosniff, X-Frame-Options: SAMEORIGIN, X-Server-Response-Time: 116, Content-Type: application/json, Accept-Encoding: identity,gzip, Date: Fri, 12 May 2023 03:22:47 GMT, Server: envoy, Vary: Accept-Encoding, X-Dropbox-Response-Origin: far_remote, X-Dropbox-Request-Id: 8b4cdacf23604784977dbb83dc94c651, Transfer-Encoding: chunked] org.apache.http.client.entity.DecompressingEntity@5c82cd4f}
  &amp#27;[32mThen &amp#27;[0m&amp#27;[32mi check if file &amp#27;[0m&amp#27;[32m&amp#27;[1m"test.txt"&amp#27;[0m&amp#27;[32m is uploaded&amp#27;[0m &amp#27;[90m# WEB_API.UploadFileStepDefinitions.ifFileUploaded(java.lang.String)&amp#27;[0m
]]></system-out>
  </testcase>
</testsuite>